[debug] [2020-03-29T18:19:38.775Z] ----------------------------------------------------------------------
[debug] [2020-03-29T18:19:38.776Z] Command:       C:\Program Files\nodejs\node.exe C:\Users\leopoldus\AppData\Roaming\npm\node_modules\firebase-tools\lib\bin\firebase.js deploy --only functions
[debug] [2020-03-29T18:19:38.776Z] CLI Version:   7.11.0
[debug] [2020-03-29T18:19:38.776Z] Platform:      win32
[debug] [2020-03-29T18:19:38.777Z] Node Version:  v12.13.1
[debug] [2020-03-29T18:19:38.778Z] Time:          Sun Mar 29 2020 20:19:38 GMT+0200 (GMT+02:00)
[debug] [2020-03-29T18:19:38.778Z] ----------------------------------------------------------------------
[debug] [2020-03-29T18:19:38.778Z] 
[debug] [2020-03-29T18:19:38.785Z] > command requires scopes: ["email","openid","https://www.googleapis.com/auth/cloudplatformprojects.readonly","https://www.googleapis.com/auth/firebase","https://www.googleapis.com/auth/cloud-platform"]
[debug] [2020-03-29T18:19:38.785Z] > authorizing via signed-in user
[debug] [2020-03-29T18:19:38.785Z] [iam] checking project loginappz-58eae for permissions ["cloudfunctions.functions.create","cloudfunctions.functions.delete","cloudfunctions.functions.get","cloudfunctions.functions.list","cloudfunctions.functions.update","cloudfunctions.operations.get","firebase.projects.get"]
[debug] [2020-03-29T18:19:38.786Z] >>> HTTP REQUEST POST https://cloudresourcemanager.googleapis.com/v1/projects/loginappz-58eae:testIamPermissions  

[debug] [2020-03-29T18:19:39.713Z] <<< HTTP RESPONSE 200
[info] 
[info] === Deploying to 'loginappz-58eae'...
[info] 
[info] i  deploying functions
[debug] [2020-03-29T18:19:39.795Z] TypeError [ERR_INVALID_ARG_TYPE]: The "path" argument must be of type string. Received type undefined
    at validateString (internal/validators.js:112:11)
    at Object.join (path.js:375:7)
    at Config.path (C:\Users\leopoldus\AppData\Roaming\npm\node_modules\firebase-tools\lib\config.js:149:39)
    at getChildEnvironment (C:\Users\leopoldus\AppData\Roaming\npm\node_modules\firebase-tools\lib\deploy\lifecycleHooks.js:50:49)
    at runTargetCommands (C:\Users\leopoldus\AppData\Roaming\npm\node_modules\firebase-tools\lib\deploy\lifecycleHooks.js:71:14)
    at C:\Users\leopoldus\AppData\Roaming\npm\node_modules\firebase-tools\lib\deploy\lifecycleHooks.js:122:24
    at processTicksAndRejections (internal/process/task_queues.js:93:5)
[error] 
[error] Error: An unexpected error has occurred.
